This is pdfTeX, Version 3.1415926-2.5-1.40.14 (TeX Live 2013) (format=pdflatex 2015.4.29)  5 JUN 2015 18:36
entering extended mode
 restricted \write18 enabled.
 %&-line parsing enabled.
**nips2015.tex
(./nips2015.tex
LaTeX2e <2011/06/27>
Babel <v3.8m> and hyphenation patterns for english, dumylang, nohyphenation, lo
aded.
(/usr/share/texlive/texmf-dist/tex/latex/base/article.cls
Document Class: article 2007/10/19 v1.4h Standard LaTeX document class
(/usr/share/texlive/texmf-dist/tex/latex/base/size10.clo
File: size10.clo 2007/10/19 v1.4h Standard LaTeX file (size option)
)
\c@part=\count79
\c@section=\count80
\c@subsection=\count81
\c@subsubsection=\count82
\c@paragraph=\count83
\c@subparagraph=\count84
\c@figure=\count85
\c@table=\count86
\abovecaptionskip=\skip41
\belowcaptionskip=\skip42
\bibindent=\dimen102
)
(./nips15submit_e.sty
(/usr/share/texlive/texmf-dist/tex/latex/eso-pic/eso-pic.sty
Package: eso-pic 2010/10/06 v2.0c eso-pic (RN)

(/usr/share/texlive/texmf-dist/tex/generic/oberdiek/atbegshi.sty
Package: atbegshi 2011/10/05 v1.16 At begin shipout hook (HO)

(/usr/share/texlive/texmf-dist/tex/generic/oberdiek/infwarerr.sty
Package: infwarerr 2010/04/08 v1.3 Providing info/warning/error messages (HO)
)
(/usr/share/texlive/texmf-dist/tex/generic/oberdiek/ltxcmds.sty
Package: ltxcmds 2011/11/09 v1.22 LaTeX kernel commands for general use (HO)
)
(/usr/share/texlive/texmf-dist/tex/generic/oberdiek/ifpdf.sty
Package: ifpdf 2011/01/30 v2.3 Provides the ifpdf switch (HO)
Package ifpdf Info: pdfTeX in PDF mode is detected.
))
(/usr/share/texlive/texmf-dist/tex/latex/graphics/keyval.sty
Package: keyval 1999/03/16 v1.13 key=value parser (DPC)
\KV@toks@=\toks14
)
(/usr/share/texlive/texmf-dist/tex/latex/xcolor/xcolor.sty
Package: xcolor 2007/01/21 v2.11 LaTeX color extensions (UK)

(/usr/share/texlive/texmf-dist/tex/latex/latexconfig/color.cfg
File: color.cfg 2007/01/18 v1.5 color configuration of teTeX/TeXLive
)
Package xcolor Info: Driver file: pdftex.def on input line 225.

(/usr/share/texlive/texmf-dist/tex/latex/pdftex-def/pdftex.def
File: pdftex.def 2011/05/27 v0.06d Graphics/color for pdfTeX
\Gread@gobject=\count87
)
Package xcolor Info: Model `cmy' substituted by `cmy0' on input line 1337.
Package xcolor Info: Model `hsb' substituted by `rgb' on input line 1341.
Package xcolor Info: Model `RGB' extended on input line 1353.
Package xcolor Info: Model `HTML' substituted by `rgb' on input line 1355.
Package xcolor Info: Model `Hsb' substituted by `hsb' on input line 1356.
Package xcolor Info: Model `tHsb' substituted by `hsb' on input line 1357.
Package xcolor Info: Model `HSB' substituted by `hsb' on input line 1358.
Package xcolor Info: Model `Gray' substituted by `gray' on input line 1359.
Package xcolor Info: Model `wave' substituted by `hsb' on input line 1360.
))
\nipsrulerbox=\box26
\nipsrulercount=\count88
\nipsruleroffset=\dimen103
\cv@lineheight=\dimen104
\cv@boxheight=\dimen105
\cv@tmpbox=\box27
\cv@refno=\count89
\cv@tot=\count90
\cv@tmpc@=\count91
\cv@tmpc=\count92
)
(/usr/share/texlive/texmf-dist/tex/latex/psnfss/times.sty
Package: times 2005/04/12 PSNFSS-v9.2a (SPQR) 
)
(/usr/share/texlive/texmf-dist/tex/latex/hyperref/hyperref.sty
Package: hyperref 2012/11/06 v6.83m Hypertext links for LaTeX

(/usr/share/texlive/texmf-dist/tex/generic/oberdiek/hobsub-hyperref.sty
Package: hobsub-hyperref 2012/05/28 v1.13 Bundle oberdiek, subset hyperref (HO)


(/usr/share/texlive/texmf-dist/tex/generic/oberdiek/hobsub-generic.sty
Package: hobsub-generic 2012/05/28 v1.13 Bundle oberdiek, subset generic (HO)
Package: hobsub 2012/05/28 v1.13 Construct package bundles (HO)
Package hobsub Info: Skipping package `infwarerr' (already loaded).
Package hobsub Info: Skipping package `ltxcmds' (already loaded).
Package: ifluatex 2010/03/01 v1.3 Provides the ifluatex switch (HO)
Package ifluatex Info: LuaTeX not detected.
Package: ifvtex 2010/03/01 v1.5 Detect VTeX and its facilities (HO)
Package ifvtex Info: VTeX not detected.
Package: intcalc 2007/09/27 v1.1 Expandable calculations with integers (HO)
Package hobsub Info: Skipping package `ifpdf' (already loaded).
Package: etexcmds 2011/02/16 v1.5 Avoid name clashes with e-TeX commands (HO)
Package etexcmds Info: Could not find \expanded.
(etexcmds)             That can mean that you are not using pdfTeX 1.50 or
(etexcmds)             that some package has redefined \expanded.
(etexcmds)             In the latter case, load this package earlier.
Package: kvsetkeys 2012/04/25 v1.16 Key value parser (HO)
Package: kvdefinekeys 2011/04/07 v1.3 Define keys (HO)
Package: pdftexcmds 2011/11/29 v0.20 Utility functions of pdfTeX for LuaTeX (HO
)
Package pdftexcmds Info: LuaTeX not detected.
Package pdftexcmds Info: \pdf@primitive is available.
Package pdftexcmds Info: \pdf@ifprimitive is available.
Package pdftexcmds Info: \pdfdraftmode found.
Package: pdfescape 2011/11/25 v1.13 Implements pdfTeX's escape features (HO)
Package: bigintcalc 2012/04/08 v1.3 Expandable calculations on big integers (HO
)
Package: bitset 2011/01/30 v1.1 Handle bit-vector datatype (HO)
Package: uniquecounter 2011/01/30 v1.2 Provide unlimited unique counter (HO)
)
Package hobsub Info: Skipping package `hobsub' (already loaded).
Package: letltxmacro 2010/09/02 v1.4 Let assignment for LaTeX macros (HO)
Package: hopatch 2012/05/28 v1.2 Wrapper for package hooks (HO)
Package: xcolor-patch 2011/01/30 xcolor patch
Package: atveryend 2011/06/30 v1.8 Hooks at the very end of document (HO)
Package atveryend Info: \enddocument detected (standard20110627).
Package hobsub Info: Skipping package `atbegshi' (already loaded).
Package: refcount 2011/10/16 v3.4 Data extraction from label references (HO)
Package: hycolor 2011/01/30 v1.7 Color options for hyperref/bookmark (HO)
)
(/usr/share/texlive/texmf-dist/tex/generic/ifxetex/ifxetex.sty
Package: ifxetex 2010/09/12 v0.6 Provides ifxetex conditional
)
(/usr/share/texlive/texmf-dist/tex/latex/oberdiek/auxhook.sty
Package: auxhook 2011/03/04 v1.3 Hooks for auxiliary files (HO)
)
(/usr/share/texlive/texmf-dist/tex/latex/oberdiek/kvoptions.sty
Package: kvoptions 2011/06/30 v3.11 Key value format for package options (HO)
)
\@linkdim=\dimen106
\Hy@linkcounter=\count93
\Hy@pagecounter=\count94

(/usr/share/texlive/texmf-dist/tex/latex/hyperref/pd1enc.def
File: pd1enc.def 2012/11/06 v6.83m Hyperref: PDFDocEncoding definition (HO)
)
\Hy@SavedSpaceFactor=\count95

(/usr/share/texlive/texmf-dist/tex/latex/latexconfig/hyperref.cfg
File: hyperref.cfg 2002/06/06 v1.2 hyperref configuration of TeXLive
)
Package hyperref Info: Hyper figures OFF on input line 4443.
Package hyperref Info: Link nesting OFF on input line 4448.
Package hyperref Info: Hyper index ON on input line 4451.
Package hyperref Info: Plain pages OFF on input line 4458.
Package hyperref Info: Backreferencing OFF on input line 4463.
Package hyperref Info: Implicit mode ON; LaTeX internals redefined.
Package hyperref Info: Bookmarks ON on input line 4688.
\c@Hy@tempcnt=\count96

(/usr/share/texlive/texmf-dist/tex/latex/url/url.sty
\Urlmuskip=\muskip10
Package: url 2006/04/12  ver 3.3  Verb mode for urls, etc.
)
LaTeX Info: Redefining \url on input line 5041.
\XeTeXLinkMargin=\dimen107
\Fld@menulength=\count97
\Field@Width=\dimen108
\Fld@charsize=\dimen109
Package hyperref Info: Hyper figures OFF on input line 6295.
Package hyperref Info: Link nesting OFF on input line 6300.
Package hyperref Info: Hyper index ON on input line 6303.
Package hyperref Info: backreferencing OFF on input line 6310.
Package hyperref Info: Link coloring OFF on input line 6315.
Package hyperref Info: Link coloring with OCG OFF on input line 6320.
Package hyperref Info: PDF/A mode OFF on input line 6325.
LaTeX Info: Redefining \ref on input line 6365.
LaTeX Info: Redefining \pageref on input line 6369.
\Hy@abspage=\count98
\c@Item=\count99
\c@Hfootnote=\count100
)

Package hyperref Message: Driver (autodetected): hpdftex.

(/usr/share/texlive/texmf-dist/tex/latex/hyperref/hpdftex.def
File: hpdftex.def 2012/11/06 v6.83m Hyperref driver for pdfTeX
\Fld@listcount=\count101
\c@bookmark@seq@number=\count102

(/usr/share/texlive/texmf-dist/tex/latex/oberdiek/rerunfilecheck.sty
Package: rerunfilecheck 2011/04/15 v1.7 Rerun checks for auxiliary files (HO)
Package uniquecounter Info: New unique counter `rerunfilecheck' on input line 2
82.
)
\Hy@SectionHShift=\skip43
)
(/usr/share/texlive/texmf-dist/tex/latex/graphics/epsfig.sty
Package: epsfig 1999/02/16 v1.7a (e)psfig emulation (SPQR)

(/usr/share/texlive/texmf-dist/tex/latex/graphics/graphicx.sty
Package: graphicx 1999/02/16 v1.0f Enhanced LaTeX Graphics (DPC,SPQR)

(/usr/share/texlive/texmf-dist/tex/latex/graphics/graphics.sty
Package: graphics 2009/02/05 v1.0o Standard LaTeX Graphics (DPC,SPQR)

(/usr/share/texlive/texmf-dist/tex/latex/graphics/trig.sty
Package: trig 1999/03/16 v1.09 sin cos tan (DPC)
)
(/usr/share/texlive/texmf-dist/tex/latex/latexconfig/graphics.cfg
File: graphics.cfg 2010/04/23 v1.9 graphics configuration of TeX Live
)
Package graphics Info: Driver file: pdftex.def on input line 91.
)
\Gin@req@height=\dimen110
\Gin@req@width=\dimen111
)
\epsfxsize=\dimen112
\epsfysize=\dimen113
)
(/usr/share/texlive/texmf-dist/tex/latex/amsmath/amsmath.sty
Package: amsmath 2013/01/14 v2.14 AMS math features
\@mathmargin=\skip44

For additional information on amsmath, use the `?' option.
(/usr/share/texlive/texmf-dist/tex/latex/amsmath/amstext.sty
Package: amstext 2000/06/29 v2.01

(/usr/share/texlive/texmf-dist/tex/latex/amsmath/amsgen.sty
File: amsgen.sty 1999/11/30 v2.0
\@emptytoks=\toks15
\ex@=\dimen114
))
(/usr/share/texlive/texmf-dist/tex/latex/amsmath/amsbsy.sty
Package: amsbsy 1999/11/29 v1.2d
\pmbraise@=\dimen115
)
(/usr/share/texlive/texmf-dist/tex/latex/amsmath/amsopn.sty
Package: amsopn 1999/12/14 v2.01 operator names
)
\inf@bad=\count103
LaTeX Info: Redefining \frac on input line 210.
\uproot@=\count104
\leftroot@=\count105
LaTeX Info: Redefining \overline on input line 306.
\classnum@=\count106
\DOTSCASE@=\count107
LaTeX Info: Redefining \ldots on input line 378.
LaTeX Info: Redefining \dots on input line 381.
LaTeX Info: Redefining \cdots on input line 466.
\Mathstrutbox@=\box28
\strutbox@=\box29
\big@size=\dimen116
LaTeX Font Info:    Redeclaring font encoding OML on input line 566.
LaTeX Font Info:    Redeclaring font encoding OMS on input line 567.
\macc@depth=\count108
\c@MaxMatrixCols=\count109
\dotsspace@=\muskip11
\c@parentequation=\count110
\dspbrk@lvl=\count111
\tag@help=\toks16
\row@=\count112
\column@=\count113
\maxfields@=\count114
\andhelp@=\toks17
\eqnshift@=\dimen117
\alignsep@=\dimen118
\tagshift@=\dimen119
\tagwidth@=\dimen120
\totwidth@=\dimen121
\lineht@=\dimen122
\@envbody=\toks18
\multlinegap=\skip45
\multlinetaggap=\skip46
\mathdisplay@stack=\toks19
LaTeX Info: Redefining \[ on input line 2665.
LaTeX Info: Redefining \] on input line 2666.
)
(/usr/share/texlive/texmf-dist/tex/latex/amsfonts/amssymb.sty
Package: amssymb 2013/01/14 v3.01 AMS font symbols

(/usr/share/texlive/texmf-dist/tex/latex/amsfonts/amsfonts.sty
Package: amsfonts 2013/01/14 v3.01 Basic AMSFonts support
\symAMSa=\mathgroup4
\symAMSb=\mathgroup5
LaTeX Font Info:    Overwriting math alphabet `\mathfrak' in version `bold'
(Font)                  U/euf/m/n --> U/euf/b/n on input line 106.
))
(./multirow.sty
\bigstrutjot=\dimen123
) (/usr/share/texlive/texmf-dist/tex/latex/rotating/rotating.sty
Package: rotating 2009/03/28 v2.16a rotated objects in LaTeX
(/usr/share/texlive/texmf-dist/tex/latex/base/ifthen.sty
Package: ifthen 2001/05/26 v1.1c Standard LaTeX ifthen package (DPC)
)
\c@r@tfl@t=\count115
\rotFPtop=\skip47
\rotFPbot=\skip48
\rot@float@box=\box30
\rot@mess@toks=\toks20
) (./algorithm.sty
Package: algorithm 

Document Style `algorithm' - floating environment
(/usr/share/texlive/texmf-dist/tex/latex/float/float.sty
Package: float 2001/11/08 v1.3d Float enhancements (AL)
\c@float@type=\count116
\float@exts=\toks21
\float@box=\box31
\@float@everytoks=\toks22
\@floatcapt=\box32
)
\@float@every@algorithm=\toks23
\c@algorithm=\count117
) (./algpseudocode.sty
Package: algpseudocode 
(./algorithmicx.sty
Package: algorithmicx 2005/04/27 v1.2 Algorithmicx

Document Style algorithmicx 1.2 - a greatly improved `algorithmic' style
\c@ALG@line=\count118
\c@ALG@rem=\count119
\c@ALG@nested=\count120
\ALG@tlm=\skip49
\ALG@thistlm=\skip50
\c@ALG@Lnr=\count121
\c@ALG@blocknr=\count122
\c@ALG@storecount=\count123
\c@ALG@tmpcounter=\count124
\ALG@tmplength=\skip51
)
Document Style - pseudocode environments for use with the `algorithmicx' style
) (/usr/share/texlive/texmf-dist/tex/latex/amscls/amsthm.sty
Package: amsthm 2004/08/06 v2.20
\thm@style=\toks24
\thm@bodyfont=\toks25
\thm@headfont=\toks26
\thm@notefont=\toks27
\thm@headpunct=\toks28
\thm@preskip=\skip52
\thm@postskip=\skip53
\thm@headsep=\skip54
\dth@everypar=\toks29
)
\c@mydef=\count125

(/usr/share/texlive/texmf-dist/tex/latex/caption/caption.sty
Package: caption 2013/02/03 v3.3-65 Customizing captions (AR)

(/usr/share/texlive/texmf-dist/tex/latex/caption/caption3.sty
Package: caption3 2013/02/03 v1.5-62 caption3 kernel (AR)
\captionmargin=\dimen124
\captionmargin@=\dimen125
\captionwidth=\dimen126
\caption@tempdima=\dimen127
\caption@indent=\dimen128
\caption@parindent=\dimen129
\caption@hangindent=\dimen130
)
\c@ContinuedFloat=\count126
Package caption Info: float package is loaded.
Package caption Info: hyperref package is loaded.
Package caption Info: rotating package is loaded.
)
(/usr/share/texlive/texmf-dist/tex/latex/caption/subcaption.sty
Package: subcaption 2013/02/03 v1.1-62 Sub-captions (AR)
\c@subfigure=\count127
\c@subtable=\count128
)
(/usr/share/texlive/texmf-dist/tex/latex/enumitem/enumitem.sty
Package: enumitem 2011/09/28 v3.5.2 Customized lists
\labelindent=\skip55
\enit@outerparindent=\dimen131
\enit@toks=\toks30
\enit@inbox=\box33
\enitdp@description=\count129
) (./nips2015.aux)
\openout1 = `nips2015.aux'.

LaTeX Font Info:    Checking defaults for OML/cmm/m/it on input line 63.
LaTeX Font Info:    ... okay on input line 63.
LaTeX Font Info:    Checking defaults for T1/cmr/m/n on input line 63.
LaTeX Font Info:    ... okay on input line 63.
LaTeX Font Info:    Checking defaults for OT1/cmr/m/n on input line 63.
LaTeX Font Info:    ... okay on input line 63.
LaTeX Font Info:    Checking defaults for OMS/cmsy/m/n on input line 63.
LaTeX Font Info:    ... okay on input line 63.
LaTeX Font Info:    Checking defaults for OMX/cmex/m/n on input line 63.
LaTeX Font Info:    ... okay on input line 63.
LaTeX Font Info:    Checking defaults for U/cmr/m/n on input line 63.
LaTeX Font Info:    ... okay on input line 63.
LaTeX Font Info:    Checking defaults for PD1/pdf/m/n on input line 63.
LaTeX Font Info:    ... okay on input line 63.
LaTeX Font Info:    Try loading font information for OT1+ptm on input line 63.
 (/usr/share/texlive/texmf-dist/tex/latex/psnfss/ot1ptm.fd
File: ot1ptm.fd 2001/06/04 font definitions for OT1/ptm.
)
\AtBeginShipoutBox=\box34

(/usr/share/texlive/texmf-dist/tex/context/base/supp-pdf.mkii
[Loading MPS to PDF converter (version 2006.09.02).]
\scratchcounter=\count130
\scratchdimen=\dimen132
\scratchbox=\box35
\nofMPsegments=\count131
\nofMParguments=\count132
\everyMPshowfont=\toks31
\MPscratchCnt=\count133
\MPscratchDim=\dimen133
\MPnumerator=\count134
\makeMPintoPDFobject=\count135
\everyMPtoPDFconversion=\toks32
)
Package hyperref Info: Link coloring OFF on input line 63.
 (/usr/share/texlive/texmf-dist/tex/latex/hyperref/nameref.sty
Package: nameref 2012/10/27 v2.43 Cross-referencing by name of section

(/usr/share/texlive/texmf-dist/tex/generic/oberdiek/gettitlestring.sty
Package: gettitlestring 2010/12/03 v1.4 Cleanup title references (HO)
)
\c@section@level=\count136
)
LaTeX Info: Redefining \ref on input line 63.
LaTeX Info: Redefining \pageref on input line 63.
LaTeX Info: Redefining \nameref on input line 63.

(./nips2015.out) (./nips2015.out)
\@outlinefile=\write3
\openout3 = `nips2015.out'.


(/usr/share/texlive/texmf-dist/tex/latex/oberdiek/epstopdf-base.sty
Package: epstopdf-base 2010/02/09 v2.5 Base part for package epstopdf

(/usr/share/texlive/texmf-dist/tex/latex/oberdiek/grfext.sty
Package: grfext 2010/08/19 v1.1 Manage graphics extensions (HO)
)
Package grfext Info: Graphics extension search list:
(grfext)             [.png,.pdf,.jpg,.mps,.jpeg,.jbig2,.jb2,.PNG,.PDF,.JPG,.JPE
G,.JBIG2,.JB2,.eps]
(grfext)             \AppendGraphicsExtensions on input line 452.

(/usr/share/texlive/texmf-dist/tex/latex/latexconfig/epstopdf-sys.cfg
File: epstopdf-sys.cfg 2010/07/13 v1.3 Configuration of (r)epstopdf for TeX Liv
e
))
Package caption Info: Begin \AtBeginDocument code.
Package caption Info: End \AtBeginDocument code.
LaTeX Font Info:    Font shape `OT1/ptm/bx/n' in size <17.28> not available
(Font)              Font shape `OT1/ptm/b/n' tried instead on input line 66.
LaTeX Font Info:    Try loading font information for U+msa on input line 66.

(/usr/share/texlive/texmf-dist/tex/latex/amsfonts/umsa.fd
File: umsa.fd 2013/01/14 v3.01 AMS symbols A
)
LaTeX Font Info:    Try loading font information for U+msb on input line 66.

(/usr/share/texlive/texmf-dist/tex/latex/amsfonts/umsb.fd
File: umsb.fd 2013/01/14 v3.01 AMS symbols B
)
LaTeX Font Info:    Font shape `OT1/ptm/bx/n' in size <10> not available
(Font)              Font shape `OT1/ptm/b/n' tried instead on input line 66.
LaTeX Font Info:    Try loading font information for OT1+pcr on input line 66.

(/usr/share/texlive/texmf-dist/tex/latex/psnfss/ot1pcr.fd
File: ot1pcr.fd 2001/06/04 font definitions for OT1/pcr.
)
LaTeX Font Info:    Font shape `OT1/ptm/bx/n' in size <12> not available
(Font)              Font shape `OT1/ptm/b/n' tried instead on input line 67.
 (./intro.tex
[1{/usr/share/texlive/texmf/fonts/map/pdftex/updmap/pdftex.map}

]
<figures/iccv20q-overview.pdf, id=107, 1088.065pt x 614.295pt>
File: figures/iccv20q-overview.pdf Graphic file (type pdf)

<use figures/iccv20q-overview.pdf>
Package pdftex.def Info: figures/iccv20q-overview.pdf used on input line 40.
(pdftex.def)             Requested size: 397.48499pt x 224.40796pt.
) (./relatedwork.tex
Underfull \vbox (badness 2452) has occurred while \output is active []

 [2 <./figures/iccv20q-overview.pdf>]) (./approach.tex
LaTeX Font Info:    Try loading font information for OMS+ptm on input line 11.

(/usr/share/texlive/texmf-dist/tex/latex/psnfss/omsptm.fd
File: omsptm.fd 
)
LaTeX Font Info:    Font shape `OMS/ptm/m/n' in size <10> not available
(Font)              Font shape `OMS/cmsy/m/n' tried instead on input line 11.
 [3]
<figures/flowchart_Q.pdf, id=225, 752.88669pt x 418.77835pt>
File: figures/flowchart_Q.pdf Graphic file (type pdf)

<use figures/flowchart_Q.pdf>
Package pdftex.def Info: figures/flowchart_Q.pdf used on input line 92.
(pdftex.def)             Requested size: 317.9892pt x 176.87616pt.
 [4]
<figures/vote_sky_boat.pdf, id=239, 509.26053pt x 271.92136pt>
File: figures/vote_sky_boat.pdf Graphic file (type pdf)

<use figures/vote_sky_boat.pdf>
Package pdftex.def Info: figures/vote_sky_boat.pdf used on input line 123.
(pdftex.def)             Requested size: 162.41498pt x 86.72377pt.

<figures/votemap.pdf, id=240, 1300.86pt x 542.025pt>
File: figures/votemap.pdf Graphic file (type pdf)
 <use figures/votemap.pdf>
Package pdftex.def Info: figures/votemap.pdf used on input line 129.
(pdftex.def)             Requested size: 208.122pt x 86.72377pt.

Overfull \hbox (17.3309pt too wide) in paragraph at lines 129--130
 [][] 
 []

[5 <./figures/flowchart_Q.pdf>]) (./experiment.tex [6 <./figures/vote_sky_boat.
pdf> <./figures/votemap.pdf>]
Overfull \hbox (1.29376pt too wide) in paragraph at lines 39--39
[][]| 
 []


Overfull \hbox (1.29376pt too wide) in paragraph at lines 39--39
[][]| 
 []


Overfull \hbox (1.29376pt too wide) in paragraph at lines 42--42
[][]| 
 []


Overfull \hbox (1.20984pt too wide) in paragraph at lines 42--42
[][]| 
 []


Overfull \hbox (1.29376pt too wide) in paragraph at lines 43--43
[][]| 
 []


Overfull \hbox (1.20984pt too wide) in paragraph at lines 44--45
[][]| 
 []


Overfull \hbox (6.4029pt too wide) in paragraph at lines 45--45
[]\OT1/ptm/m/n/6 44.3| 
 []


Overfull \hbox (6.4029pt too wide) in paragraph at lines 45--45
[]\OT1/ptm/m/n/6 51.3| 
 []


Overfull \hbox (3.4029pt too wide) in paragraph at lines 45--45
[]\OT1/ptm/m/n/6 7.1| 
 []


Overfull \hbox (3.4029pt too wide) in paragraph at lines 45--45
[]\OT1/ptm/m/n/6 8.0| 
 []


Overfull \hbox (6.4029pt too wide) in paragraph at lines 45--45
[]\OT1/ptm/m/n/6 21.8| 
 []


Overfull \hbox (6.4029pt too wide) in paragraph at lines 45--45
[]\OT1/ptm/m/n/6 56.0| 
 []


Overfull \hbox (6.4029pt too wide) in paragraph at lines 45--45
[]\OT1/ptm/m/n/6 41.2| 
 []


Overfull \hbox (6.4029pt too wide) in paragraph at lines 45--45
[]\OT1/ptm/m/n/6 18.4| 
 []


Overfull \hbox (6.4029pt too wide) in paragraph at lines 45--45
[]\OT1/ptm/m/n/6 13.8| 
 []


Overfull \hbox (6.4029pt too wide) in paragraph at lines 45--45
[]\OT1/ptm/m/n/6 11.7| 
 []


Overfull \hbox (6.4029pt too wide) in paragraph at lines 45--45
[]\OT1/ptm/m/n/6 10.4| 
 []


Overfull \hbox (6.4029pt too wide) in paragraph at lines 45--45
[]\OT1/ptm/m/n/6 13.5| 
 []


Overfull \hbox (6.4029pt too wide) in paragraph at lines 45--45
[]\OT1/ptm/m/n/6 38.3| 
 []


Overfull \hbox (6.4029pt too wide) in paragraph at lines 45--45
[]\OT1/ptm/m/n/6 42.7| 
 []


Overfull \hbox (6.4029pt too wide) in paragraph at lines 45--45
[]\OT1/ptm/m/n/6 44.6| 
 []


Overfull \hbox (3.4029pt too wide) in paragraph at lines 45--45
[]\OT1/ptm/m/n/6 3.7| 
 []


Overfull \hbox (6.4029pt too wide) in paragraph at lines 45--45
[]\OT1/ptm/m/n/6 27.0| 
 []


Overfull \hbox (6.4029pt too wide) in paragraph at lines 45--45
[]\OT1/ptm/m/n/6 24.3| 
 []


Overfull \hbox (6.4029pt too wide) in paragraph at lines 45--45
[]\OT1/ptm/m/n/6 38.0| 
 []


Overfull \hbox (6.4029pt too wide) in paragraph at lines 45--45
[]\OT1/ptm/m/n/6 32.2| 
 []


Overfull \hbox (6.4029pt too wide) in paragraph at lines 45--46
[]\OT1/ptm/m/n/6 27.4| 
 []


Overfull \hbox (6.4029pt too wide) in paragraph at lines 47--47
[]\OT1/ptm/m/n/6 46.4| 
 []


Overfull \hbox (6.4029pt too wide) in paragraph at lines 47--47
[]\OT1/ptm/m/n/6 50.8| 
 []


Overfull \hbox (3.4029pt too wide) in paragraph at lines 47--47
[]\OT1/ptm/m/n/6 7.5| 
 []


Overfull \hbox (3.4029pt too wide) in paragraph at lines 47--47
[]\OT1/ptm/m/n/6 8.2| 
 []


Overfull \hbox (6.4029pt too wide) in paragraph at lines 47--47
[]\OT1/ptm/m/n/6 21.2| 
 []


Overfull \hbox (6.4029pt too wide) in paragraph at lines 47--47
[]\OT1/ptm/m/n/6 55.3| 
 []


Overfull \hbox (6.4029pt too wide) in paragraph at lines 47--47
[]\OT1/ptm/m/n/6 41.6| 
 []


Overfull \hbox (6.4029pt too wide) in paragraph at lines 47--47
[]\OT1/ptm/m/n/6 20.0| 
 []


Overfull \hbox (6.4029pt too wide) in paragraph at lines 47--47
[]\OT1/ptm/m/n/6 14.7| 
 []


Overfull \hbox (6.4029pt too wide) in paragraph at lines 47--47
[]\OT1/ptm/m/n/6 11.8| 
 []


Overfull \hbox (6.4029pt too wide) in paragraph at lines 47--47
[]\OT1/ptm/m/n/6 11.6| 
 []


Overfull \hbox (6.4029pt too wide) in paragraph at lines 47--47
[]\OT1/ptm/m/n/6 13.9| 
 []


Overfull \hbox (6.4029pt too wide) in paragraph at lines 47--47
[]\OT1/ptm/m/n/6 37.9| 
 []


Overfull \hbox (6.4029pt too wide) in paragraph at lines 47--47
[]\OT1/ptm/m/n/6 40.2| 
 []


Overfull \hbox (6.4029pt too wide) in paragraph at lines 47--47
[]\OT1/ptm/m/n/6 45.1| 
 []


Overfull \hbox (3.4029pt too wide) in paragraph at lines 47--47
[]\OT1/ptm/m/n/6 4.2| 
 []


Overfull \hbox (6.4029pt too wide) in paragraph at lines 47--47
[]\OT1/ptm/m/n/6 24.1| 
 []


Overfull \hbox (6.4029pt too wide) in paragraph at lines 47--47
[]\OT1/ptm/m/n/6 27.6| 
 []


Overfull \hbox (6.4029pt too wide) in paragraph at lines 47--47
[]\OT1/ptm/m/n/6 40.8| 
 []


Overfull \hbox (6.4029pt too wide) in paragraph at lines 47--47
[]\OT1/ptm/m/n/6 33.9| 
 []


Overfull \hbox (6.4029pt too wide) in paragraph at lines 47--48
[]\OT1/ptm/m/n/6 27.8| 
 []


Overfull \hbox (6.4029pt too wide) in paragraph at lines 49--49
[]\OT1/ptm/m/n/6 46.9| 
 []


Overfull \hbox (6.4029pt too wide) in paragraph at lines 49--49
[]\OT1/ptm/m/n/6 50.1| 
 []


Overfull \hbox (3.4029pt too wide) in paragraph at lines 49--49
[]\OT1/ptm/m/n/6 9.2| 
 []


Overfull \hbox (3.4029pt too wide) in paragraph at lines 49--49
[]\OT1/ptm/m/n/6 9.5| 
 []


Overfull \hbox (6.4029pt too wide) in paragraph at lines 49--49
[]\OT1/ptm/m/n/6 30.1| 
 []


Overfull \hbox (6.4029pt too wide) in paragraph at lines 49--49
[]\OT1/ptm/m/n/6 57.2| 
 []


Overfull \hbox (6.4029pt too wide) in paragraph at lines 49--49
[]\OT1/ptm/m/n/6 44.1| 
 []


Overfull \hbox (6.4029pt too wide) in paragraph at lines 49--49
[]\OT1/ptm/m/n/6 30.7| 
 []


Overfull \hbox (6.4029pt too wide) in paragraph at lines 49--49
[]\OT1/ptm/m/n/6 12.7| 
 []


Overfull \hbox (6.4029pt too wide) in paragraph at lines 49--49
[]\OT1/ptm/m/n/6 15.1| 
 []


Overfull \hbox (6.4029pt too wide) in paragraph at lines 49--49
[]\OT1/ptm/m/n/6 12.9| 
 []


Overfull \hbox (6.4029pt too wide) in paragraph at lines 49--49
[]\OT1/ptm/m/n/6 14.2| 
 []


Overfull \hbox (6.4029pt too wide) in paragraph at lines 49--49
[]\OT1/ptm/m/n/6 35.6| 
 []


Overfull \hbox (6.4029pt too wide) in paragraph at lines 49--49
[]\OT1/ptm/m/n/6 44.8| 
 []


Overfull \hbox (6.4029pt too wide) in paragraph at lines 49--49
[]\OT1/ptm/m/n/6 44.0| 
 []


Overfull \hbox (3.4029pt too wide) in paragraph at lines 49--49
[]\OT1/ptm/m/n/6 4.9| 
 []


Overfull \hbox (6.4029pt too wide) in paragraph at lines 49--49
[]\OT1/ptm/m/n/6 30.6| 
 []


Overfull \hbox (6.4029pt too wide) in paragraph at lines 49--49
[]\OT1/ptm/m/n/6 20.1| 
 []


Overfull \hbox (6.4029pt too wide) in paragraph at lines 49--49
[]\OT1/ptm/m/n/6 42.2| 
 []


Overfull \hbox (6.4029pt too wide) in paragraph at lines 49--49
[]\OT1/ptm/m/n/6 34.8| 
 []


Overfull \hbox (6.4029pt too wide) in paragraph at lines 49--50
[]\OT1/ptm/m/n/6 29.5| 
 []


Overfull \hbox (6.4029pt too wide) in paragraph at lines 51--51
[]\OT1/ptm/m/n/6 49.8| 
 []


Overfull \hbox (6.4029pt too wide) in paragraph at lines 51--51
[]\OT1/ptm/m/n/6 48.8| 
 []


Overfull \hbox (6.4029pt too wide) in paragraph at lines 51--51
[]\OT1/ptm/m/n/6 12.0| 
 []


Overfull \hbox (6.4029pt too wide) in paragraph at lines 51--51
[]\OT1/ptm/m/n/6 10.8| 
 []


Overfull \hbox (6.4029pt too wide) in paragraph at lines 51--51
[]\OT1/ptm/m/n/6 29.1| 
 []


Overfull \hbox (6.4029pt too wide) in paragraph at lines 51--51
[]\OT1/ptm/m/n/6 55.2| 
 []


Overfull \hbox (6.4029pt too wide) in paragraph at lines 51--51
[]\OT1/ptm/m/n/6 45.6| 
 []


Overfull \hbox (6.4029pt too wide) in paragraph at lines 51--51
[]\OT1/ptm/m/n/6 32.0| 
 []


Overfull \hbox (6.4029pt too wide) in paragraph at lines 51--51
[]\OT1/ptm/m/n/6 14.2| 
 []


Overfull \hbox (6.4029pt too wide) in paragraph at lines 51--51
[]\OT1/ptm/m/n/6 12.6| 
 []


Overfull \hbox (6.4029pt too wide) in paragraph at lines 51--51
[]\OT1/ptm/m/n/6 13.7| 
 []


Overfull \hbox (6.4029pt too wide) in paragraph at lines 51--51
[]\OT1/ptm/m/n/6 16.6| 
 []


Overfull \hbox (6.4029pt too wide) in paragraph at lines 51--51
[]\OT1/ptm/m/n/6 39.8| 
 []


Overfull \hbox (6.4029pt too wide) in paragraph at lines 51--51
[]\OT1/ptm/m/n/6 44.2| 
 []


Overfull \hbox (6.4029pt too wide) in paragraph at lines 51--51
[]\OT1/ptm/m/n/6 45.1| 
 []


Overfull \hbox (3.4029pt too wide) in paragraph at lines 51--51
[]\OT1/ptm/m/n/6 8.2| 
 []


Overfull \hbox (6.4029pt too wide) in paragraph at lines 51--51
[]\OT1/ptm/m/n/6 35.3| 
 []


Overfull \hbox (6.4029pt too wide) in paragraph at lines 51--51
[]\OT1/ptm/m/n/6 26.0| 
 []


Overfull \hbox (6.4029pt too wide) in paragraph at lines 51--51
[]\OT1/ptm/m/n/6 42.3| 
 []


Overfull \hbox (6.4029pt too wide) in paragraph at lines 51--51
[]\OT1/ptm/m/n/6 34.3| 
 []


Overfull \hbox (6.4029pt too wide) in paragraph at lines 51--52
[]\OT1/ptm/m/n/6 30.8| 
 []

LaTeX Font Info:    Font shape `OT1/ptm/bx/n' in size <6> not available
(Font)              Font shape `OT1/ptm/b/n' tried instead on input line 53.

Overfull \hbox (6.4029pt too wide) in paragraph at lines 53--53
[]\OT1/ptm/b/n/6 69.9| 
 []


Overfull \hbox (6.4029pt too wide) in paragraph at lines 53--53
[]\OT1/ptm/m/n/6 64.2| 
 []


Overfull \hbox (6.4029pt too wide) in paragraph at lines 53--53
[]\OT1/ptm/m/n/6 48.0| 
 []


Overfull \hbox (6.4029pt too wide) in paragraph at lines 53--53
[]\OT1/ptm/m/n/6 30.2| 
 []


Overfull \hbox (6.4029pt too wide) in paragraph at lines 53--53
[]\OT1/ptm/m/n/6 26.9| 
 []


Overfull \hbox (6.4029pt too wide) in paragraph at lines 53--53
[]\OT1/ptm/m/n/6 63.3| 
 []


Overfull \hbox (6.4029pt too wide) in paragraph at lines 53--53
[]\OT1/ptm/m/n/6 56.0| 
 []


Overfull \hbox (6.4029pt too wide) in paragraph at lines 53--53
[]\OT1/ptm/m/n/6 67.6| 
 []


Overfull \hbox (6.4029pt too wide) in paragraph at lines 53--53
[]\OT1/ptm/m/n/6 26.8| 
 []


Overfull \hbox (6.4029pt too wide) in paragraph at lines 53--53
[]\OT1/ptm/m/n/6 44.7| 
 []


Overfull \hbox (6.4029pt too wide) in paragraph at lines 53--53
[]\OT1/ptm/m/n/6 29.6| 
 []


Overfull \hbox (6.4029pt too wide) in paragraph at lines 53--53
[]\OT1/ptm/m/n/6 61.7| 
 []


Overfull \hbox (6.4029pt too wide) in paragraph at lines 53--53
[]\OT1/ptm/m/n/6 55.7| 
 []


Overfull \hbox (6.4029pt too wide) in paragraph at lines 53--53
[]\OT1/ptm/b/n/6 69.8| 
 []


Overfull \hbox (6.4029pt too wide) in paragraph at lines 53--53
[]\OT1/ptm/m/n/6 56.4| 
 []


Overfull \hbox (6.4029pt too wide) in paragraph at lines 53--53
[]\OT1/ptm/m/n/6 26.6| 
 []


Overfull \hbox (6.4029pt too wide) in paragraph at lines 53--53
[]\OT1/ptm/m/n/6 56.7| 
 []


Overfull \hbox (6.4029pt too wide) in paragraph at lines 53--53
[]\OT1/ptm/m/n/6 35.6| 
 []


Overfull \hbox (6.4029pt too wide) in paragraph at lines 53--53
[]\OT1/ptm/m/n/6 54.4| 
 []


Overfull \hbox (6.4029pt too wide) in paragraph at lines 53--53
[]\OT1/ptm/b/n/6 57.7| 
 []


Overfull \hbox (6.4029pt too wide) in paragraph at lines 53--54
[]\OT1/ptm/m/n/6 50.1| 
 []


Overfull \hbox (6.4029pt too wide) in paragraph at lines 55--55
[]\OT1/ptm/m/n/6 67.3| 
 []


Overfull \hbox (6.4029pt too wide) in paragraph at lines 55--55
[]\OT1/ptm/m/n/6 63.6| 
 []


Overfull \hbox (6.4029pt too wide) in paragraph at lines 55--55
[]\OT1/ptm/m/n/6 47.1| 
 []


Overfull \hbox (6.4029pt too wide) in paragraph at lines 55--55
[]\OT1/ptm/m/n/6 33.1| 
 []


Overfull \hbox (6.4029pt too wide) in paragraph at lines 55--55
[]\OT1/ptm/b/n/6 34.3| 
 []


Overfull \hbox (6.4029pt too wide) in paragraph at lines 55--55
[]\OT1/ptm/m/n/6 67.2| 
 []


Overfull \hbox (6.4029pt too wide) in paragraph at lines 55--55
[]\OT1/ptm/m/n/6 55.8| 
 []


Overfull \hbox (6.4029pt too wide) in paragraph at lines 55--55
[]\OT1/ptm/b/n/6 74.6| 
 []


Overfull \hbox (6.4029pt too wide) in paragraph at lines 55--55
[]\OT1/ptm/m/n/6 24.9| 
 []


Overfull \hbox (6.4029pt too wide) in paragraph at lines 55--55
[]\OT1/ptm/m/n/6 44.8| 
 []


Overfull \hbox (6.4029pt too wide) in paragraph at lines 55--55
[]\OT1/ptm/m/n/6 35.7| 
 []


Overfull \hbox (6.4029pt too wide) in paragraph at lines 55--55
[]\OT1/ptm/b/n/6 62.7| 
 []


Overfull \hbox (6.4029pt too wide) in paragraph at lines 55--55
[]\OT1/ptm/m/n/6 62.5| 
 []


Overfull \hbox (6.4029pt too wide) in paragraph at lines 55--55
[]\OT1/ptm/m/n/6 64.8| 
 []


Overfull \hbox (6.4029pt too wide) in paragraph at lines 55--55
[]\OT1/ptm/b/n/6 59.1| 
 []


Overfull \hbox (6.4029pt too wide) in paragraph at lines 55--55
[]\OT1/ptm/b/n/6 26.9| 
 []


Overfull \hbox (6.4029pt too wide) in paragraph at lines 55--55
[]\OT1/ptm/m/n/6 54.2| 
 []


Overfull \hbox (6.4029pt too wide) in paragraph at lines 55--55
[]\OT1/ptm/m/n/6 40.7| 
 []


Overfull \hbox (6.4029pt too wide) in paragraph at lines 55--55
[]\OT1/ptm/m/n/6 61.3| 
 []


Overfull \hbox (6.4029pt too wide) in paragraph at lines 55--55
[]\OT1/ptm/m/n/6 55.7| 
 []


Overfull \hbox (6.4029pt too wide) in paragraph at lines 55--56
[]\OT1/ptm/m/n/6 51.8| 
 []


Overfull \hbox (6.4029pt too wide) in paragraph at lines 57--57
[]\OT1/ptm/m/n/6 66.8| 
 []


Overfull \hbox (6.4029pt too wide) in paragraph at lines 57--57
[]\OT1/ptm/b/n/6 64.3| 
 []


Overfull \hbox (6.4029pt too wide) in paragraph at lines 57--57
[]\OT1/ptm/b/n/6 48.9| 
 []


Overfull \hbox (6.4029pt too wide) in paragraph at lines 57--57
[]\OT1/ptm/b/n/6 36.1| 
 []


Overfull \hbox (6.4029pt too wide) in paragraph at lines 57--57
[]\OT1/ptm/m/n/6 32.2| 
 []


Overfull \hbox (6.4029pt too wide) in paragraph at lines 57--57
[]\OT1/ptm/b/n/6 67.7| 
 []


Overfull \hbox (6.4029pt too wide) in paragraph at lines 57--57
[]\OT1/ptm/b/n/6 56.5| 
 []


Overfull \hbox (6.4029pt too wide) in paragraph at lines 57--57
[]\OT1/ptm/m/n/6 70.4| 
 []


Overfull \hbox (6.4029pt too wide) in paragraph at lines 57--57
[]\OT1/ptm/b/n/6 28.1| 
 []


Overfull \hbox (6.4029pt too wide) in paragraph at lines 57--57
[]\OT1/ptm/b/n/6 58.3| 
 []


Overfull \hbox (6.4029pt too wide) in paragraph at lines 57--57
[]\OT1/ptm/b/n/6 37.2| 
 []


Overfull \hbox (6.4029pt too wide) in paragraph at lines 57--57
[]\OT1/ptm/m/n/6 60.5| 
 []


Overfull \hbox (6.4029pt too wide) in paragraph at lines 57--57
[]\OT1/ptm/b/n/6 64.7| 
 []


Overfull \hbox (6.4029pt too wide) in paragraph at lines 57--57
[]\OT1/ptm/m/n/6 65.9| 
 []


Overfull \hbox (6.4029pt too wide) in paragraph at lines 57--57
[]\OT1/ptm/m/n/6 52.1| 
 []


Overfull \hbox (6.4029pt too wide) in paragraph at lines 57--57
[]\OT1/ptm/m/n/6 26.7| 
 []


Overfull \hbox (6.4029pt too wide) in paragraph at lines 57--57
[]\OT1/ptm/b/n/6 57.8| 
 []


Overfull \hbox (6.4029pt too wide) in paragraph at lines 57--57
[]\OT1/ptm/b/n/6 46.6| 
 []


Overfull \hbox (6.4029pt too wide) in paragraph at lines 57--57
[]\OT1/ptm/b/n/6 62.9| 
 []


Overfull \hbox (6.4029pt too wide) in paragraph at lines 57--57
[]\OT1/ptm/m/n/6 53.3| 
 []


Overfull \hbox (6.4029pt too wide) in paragraph at lines 57--58
[]\OT1/ptm/b/n/6 52.9| 
 []

<figures/numprop.pdf, id=410, 421.575pt x 316.18124pt>
File: figures/numprop.pdf Graphic file (type pdf)

<use figures/numprop.pdf>
Package pdftex.def Info: figures/numprop.pdf used on input line 66.
(pdftex.def)             Requested size: 238.49341pt x 178.8743pt.

Overfull \hbox (2.30733pt too wide) in paragraph at lines 73--80
[][] 
 []


Overfull \hbox (1.90001pt too wide) in paragraph at lines 65--83
[]$[]$  $[]$ 
 []


Overfull \hbox (1.29376pt too wide) in paragraph at lines 105--105
[][]| 
 []


Overfull \hbox (1.29376pt too wide) in paragraph at lines 105--105
[][]| 
 []


Overfull \hbox (1.29376pt too wide) in paragraph at lines 108--108
[][]| 
 []


Overfull \hbox (1.20984pt too wide) in paragraph at lines 108--108
[][]| 
 []


Overfull \hbox (1.29376pt too wide) in paragraph at lines 109--109
[][]| 
 []


Overfull \hbox (1.20984pt too wide) in paragraph at lines 110--111
[][]| 
 []


Overfull \hbox (6.4029pt too wide) in paragraph at lines 112--112
[]\OT1/ptm/b/n/6 68.2| 
 []


Overfull \hbox (6.4029pt too wide) in paragraph at lines 112--112
[]\OT1/ptm/m/n/6 52.1| 
 []


Overfull \hbox (6.4029pt too wide) in paragraph at lines 112--112
[]\OT1/ptm/m/n/6 51.6| 
 []


Overfull \hbox (6.4029pt too wide) in paragraph at lines 112--112
[]\OT1/ptm/m/n/6 30.7| 
 []


Overfull \hbox (6.4029pt too wide) in paragraph at lines 112--112
[]\OT1/ptm/b/n/6 34.2| 
 []


Overfull \hbox (6.4029pt too wide) in paragraph at lines 112--112
[]\OT1/ptm/m/n/6 66.7| 
 []


Overfull \hbox (6.4029pt too wide) in paragraph at lines 112--112
[]\OT1/ptm/m/n/6 52.4| 
 []


Overfull \hbox (6.4029pt too wide) in paragraph at lines 112--112
[]\OT1/ptm/b/n/6 70.9| 
 []


Overfull \hbox (6.4029pt too wide) in paragraph at lines 112--112
[]\OT1/ptm/m/n/6 21.0| 
 []


Overfull \hbox (6.4029pt too wide) in paragraph at lines 112--112
[]\OT1/ptm/m/n/6 39.6| 
 []


Overfull \hbox (6.4029pt too wide) in paragraph at lines 112--112
[]\OT1/ptm/m/n/6 30.7| 
 []


Overfull \hbox (6.4029pt too wide) in paragraph at lines 112--112
[]\OT1/ptm/b/n/6 58.8| 
 []


Overfull \hbox (6.4029pt too wide) in paragraph at lines 112--112
[]\OT1/ptm/b/n/6 55.2| 
 []


Overfull \hbox (6.4029pt too wide) in paragraph at lines 112--112
[]\OT1/ptm/b/n/6 54.0| 
 []


Overfull \hbox (6.4029pt too wide) in paragraph at lines 112--112
[]\OT1/ptm/b/n/6 55.5| 
 []


Overfull \hbox (6.4029pt too wide) in paragraph at lines 112--112
[]\OT1/ptm/m/n/6 25.0| 
 []


Overfull \hbox (6.4029pt too wide) in paragraph at lines 112--112
[]\OT1/ptm/m/n/6 56.4| 
 []


Overfull \hbox (6.4029pt too wide) in paragraph at lines 112--112
[]\OT1/ptm/m/n/6 33.3| 
 []


Overfull \hbox (6.4029pt too wide) in paragraph at lines 112--112
[]\OT1/ptm/m/n/6 61.2| 
 []


Overfull \hbox (6.4029pt too wide) in paragraph at lines 112--112
[]\OT1/ptm/b/n/6 58.4| 
 []


Overfull \hbox (6.4029pt too wide) in paragraph at lines 112--113
[]\OT1/ptm/m/n/6 48.8| 
 []


Overfull \hbox (6.4029pt too wide) in paragraph at lines 114--114
[]\OT1/ptm/m/n/6 66.7| 
 []


Overfull \hbox (6.4029pt too wide) in paragraph at lines 114--114
[]\OT1/ptm/b/n/6 55.0| 
 []


Overfull \hbox (6.4029pt too wide) in paragraph at lines 114--114
[]\OT1/ptm/b/n/6 52.2| 
 []


Overfull \hbox (6.4029pt too wide) in paragraph at lines 114--114
[]\OT1/ptm/b/n/6 33.3| 
 []


Overfull \hbox (6.4029pt too wide) in paragraph at lines 114--114
[]\OT1/ptm/m/n/6 32.1| 
 []


Overfull \hbox (6.4029pt too wide) in paragraph at lines 114--114
[]\OT1/ptm/b/n/6 67.2| 
 []


Overfull \hbox (6.4029pt too wide) in paragraph at lines 114--114
[]\OT1/ptm/b/n/6 53.7| 
 []


Overfull \hbox (6.4029pt too wide) in paragraph at lines 114--114
[]\OT1/ptm/m/n/6 66.9| 
 []


Overfull \hbox (6.4029pt too wide) in paragraph at lines 114--114
[]\OT1/ptm/b/n/6 24.2| 
 []


Overfull \hbox (6.4029pt too wide) in paragraph at lines 114--114
[]\OT1/ptm/b/n/6 53.8| 
 []


Overfull \hbox (6.4029pt too wide) in paragraph at lines 114--114
[]\OT1/ptm/b/n/6 32.0| 
 []


Overfull \hbox (6.4029pt too wide) in paragraph at lines 114--114
[]\OT1/ptm/m/n/6 56.9| 
 []


Overfull \hbox (6.4029pt too wide) in paragraph at lines 114--114
[]\OT1/ptm/m/n/6 54.1| 
 []


Overfull \hbox (6.4029pt too wide) in paragraph at lines 114--114
[]\OT1/ptm/m/n/6 53.3| 
 []


Overfull \hbox (6.4029pt too wide) in paragraph at lines 114--114
[]\OT1/ptm/m/n/6 49.6| 
 []


Overfull \hbox (6.4029pt too wide) in paragraph at lines 114--114
[]\OT1/ptm/b/n/6 25.1| 
 []


Overfull \hbox (6.4029pt too wide) in paragraph at lines 114--114
[]\OT1/ptm/b/n/6 58.1| 
 []


Overfull \hbox (6.4029pt too wide) in paragraph at lines 114--114
[]\OT1/ptm/b/n/6 35.1| 
 []


Overfull \hbox (6.4029pt too wide) in paragraph at lines 114--114
[]\OT1/ptm/b/n/6 61.3| 
 []


Overfull \hbox (6.4029pt too wide) in paragraph at lines 114--114
[]\OT1/ptm/m/n/6 55.5| 
 []


Overfull \hbox (6.4029pt too wide) in paragraph at lines 114--115
[]\OT1/ptm/b/n/6 49.3| 
 []

[7]
LaTeX Font Info:    Font shape `OT1/ptm/bx/n' in size <7> not available
(Font)              Font shape `OT1/ptm/b/n' tried instead on input line 129.
) (./conclusion.tex) (./nips2015.bbl [8 <./figures/numprop.pdf>])
Package atveryend Info: Empty hook `BeforeClearDocument' on input line 90.
 [9]
Package atveryend Info: Empty hook `AfterLastShipout' on input line 90.

(./nips2015.aux)
Package atveryend Info: Executing hook `AtVeryEndDocument' on input line 90.
Package atveryend Info: Executing hook `AtEndAfterFileList' on input line 90.
Package rerunfilecheck Info: File `nips2015.out' has not changed.
(rerunfilecheck)             Checksum: 2E0498FE75AD33DAE4EFCC2CF6B75AB8;1102.
Package atveryend Info: Empty hook `AtVeryVeryEnd' on input line 90.
 ) 
Here is how much of TeX's memory you used:
 8864 strings out of 495063
 130663 string characters out of 3182201
 247873 words of memory out of 3000000
 11816 multiletter control sequences out of 15000+200000
 27911 words of font info for 56 fonts, out of 3000000 for 9000
 14 hyphenation exceptions out of 8191
 37i,12n,39p,1468b,463s stack positions out of 5000i,500n,10000p,200000b,50000s
{/usr/share/texlive/texmf-dist/fonts/enc/dvips/base/8r.enc}</usr/share/texliv
e/texmf-dist/fonts/type1/public/amsfonts/cm/cmex10.pfb></usr/share/texlive/texm
f-dist/fonts/type1/public/amsfonts/cm/cmmi10.pfb></usr/share/texlive/texmf-dist
/fonts/type1/public/amsfonts/cm/cmmi5.pfb></usr/share/texlive/texmf-dist/fonts/
type1/public/amsfonts/cm/cmmi7.pfb></usr/share/texlive/texmf-dist/fonts/type1/p
ublic/amsfonts/cm/cmr10.pfb></usr/share/texlive/texmf-dist/fonts/type1/public/a
msfonts/cm/cmr5.pfb></usr/share/texlive/texmf-dist/fonts/type1/public/amsfonts/
cm/cmr7.pfb></usr/share/texlive/texmf-dist/fonts/type1/public/amsfonts/cm/cmsy1
0.pfb></usr/share/texlive/texmf-dist/fonts/type1/public/amsfonts/cm/cmsy7.pfb><
/usr/share/texlive/texmf-dist/fonts/type1/public/amsfonts/symbols/msbm10.pfb></
usr/share/texlive/texmf-dist/fonts/type1/urw/courier/ucrr8a.pfb></usr/share/tex
live/texmf-dist/fonts/type1/urw/helvetic/uhvb8a.pfb></usr/share/texlive/texmf-d
ist/fonts/type1/urw/times/utmb8a.pfb></usr/share/texlive/texmf-dist/fonts/type1
/urw/times/utmr8a.pfb></usr/share/texlive/texmf-dist/fonts/type1/urw/times/utmr
i8a.pfb>
Output written on nips2015.pdf (9 pages, 639473 bytes).
PDF statistics:
 527 PDF objects out of 1000 (max. 8388607)
 413 compressed objects within 5 object streams
 74 named destinations out of 1000 (max. 500000)
 162 words of extra memory for PDF output out of 10000 (max. 10000000)

